2025-07-02T16:42:52Z info: Deployment: 9fd5dfde-4cb4-4453-8764-10c1a4fa968d
2025-07-02T16:42:52Z info: Build: 20b0e5cd-8c13-4e14-a14a-ffef843994f1
2025-07-02T16:42:52Z info: Connecting to builder
2025-07-02T16:42:54Z info: Builder connected
2025-07-02T16:42:54Z info: Installing packages
--> npm install


up to date, audited 849 packages in 9s


105 packages are looking for funding

  run `npm fund` for details


10 vulnerabilities (1 low, 9 moderate)

To address issues that do not require attention, run:
  npm audit fix

To address all issues possible (including breaking changes), run:
  npm audit fix --force

Some issues need review, and may require choosing
a different dependency.

Run `npm audit` for details.

npm notice
npm notice New major version of npm available! 10.8.2 -> 11.4.2
npm notice Changelog: https://github.com/npm/cli/releases/tag/v11.4.2
npm notice To update run: npm install -g npm@11.4.2
npm notice

2025-07-02T16:43:04Z info: Starting Build

> rest-express@1.0.0 build
> tsc && vite build --outDir public


client/src/components/ui/error-boundary.tsx(68,8): error TS2322: Type 'PropsWithoutRef<P> & { ref: ForwardedRef<any>; }' is not assignable to type 'IntrinsicAttributes & P'.
  Type 'PropsWithoutRef<P> & { ref: ForwardedRef<any>; }' is not assignable to type 'P'.
    'PropsWithoutRef<P> & { ref: ForwardedRef<any>; }' is assignable to the constraint of type 'P', but 'P' could be instantiated with a different subtype of constraint 'object'.

client/src/pages/DesignTasks.tsx(94,25): error TS18046: 'designTasks' is of type 'unknown'.

client/src/pages/Payments.tsx(56,38): error TS2339: Property 'filter' does not exist on type '{}'.
client/src/pages/Payments.tsx(175,49): error TS18047: 'user' is possibly 'null'.

client/src/pages/Payments.tsx(175,66): error TS18047: 'user' is possibly 'null'.
client/src/pages/Payments.tsx(176,59): error TS18047: 'user' is possibly 'null'.
client/src/pages/Payments.tsx(176,64): error TS2339: Property 'company' does not exist on type 'User'.

client/src/pages/Payments.tsx(179,64): error TS18047: 'user' is possibly 'null'.

client/src/pages/Payments.tsx(179,69): error TS2339: Property 'phone' does not exist on type 'User'.
client/src/pages/Production.tsx(79,25): error TS18046: 'productionTasks' is of type 'unknown'.
client/src/pages/Production.tsx(98,18): error TS18046: 'productionTasks' is of type 'unknown'.
client/src/pages/Production.tsx(243,16): error TS18046: 'productionTasks' is of type 'unknown'.
client/src/pages/Production.tsx(248,16): error TS18046: 'productionTasks' is of type 'unknown'.
client/src/pages/Production.tsx(275,19): error TS18046: 'productionTasks' is of type 'unknown'.
client/src/pages/Register.tsx(41,15): error TS2353: Object literal may only specify known properties, and 'token' does not exist in type 'InvitationData | ((prevState: InvitationData | null) => InvitationData | null)'.
client/src/pages/Register.tsx(115,35): error TS2322: Type 'InvitationData | null' is not assignable to type 'InvitationData | undefined'.
  Type 'null' is not assignable to type 'InvitationData | undefined'.
client/src/pages/admin/CustomerInvitesPage.tsx(398,18): error TS18046: 'invites' is of type 'unknown'.

client/src/pages/admin/CustomerInvitesPage.tsx(405,19): error TS18046: 'invites' is of type 'unknown'.
client/src/pages/admin/NewOrderInquiriesPage.tsx(87,29): error TS18046: 'inquiries' is of type 'unknown'.

client/src/pages/admin/SettingsPage.tsx(290,33): error TS7006: Parameter 'user' implicitly has an 'any' type.
client/src/pages/admin/SettingsPage.tsx(336,34): error TS7006: Parameter 'u' implicitly has an 'any' type.
client/src/pages/admin/SettingsPage.tsx(339,34): error TS7006: Parameter 'u' implicitly has an 'any' type.
client/src/pages/admin/SettingsPage.tsx(340,30): error TS7006: Parameter 'u' implicitly has an 'any' type.
client/src/pages/admin/SettingsPage.tsx(341,33): error TS7006: Parameter 'u' implicitly has an 'any' type.
client/src/pages/admin/SettingsPage.tsx(342,30): error TS7006: Parameter 'u' implicitly has an 'any' type.
client/src/pages/admin/SettingsPage.tsx(1335,27): error TS2304: Cannot find name 'setUsers'.
client/src/pages/admin/SettingsPage.tsx(1335,49): error TS7006: Parameter 'user' implicitly has an 'any' type.
client/src/pages/admin/SettingsPage.tsx(1358,27): error TS2304: Cannot find name 'setUsers'.
client/src/pages/admin/SettingsPage.tsx(1358,46): error TS7006: Parameter 'user' implicitly has an 'any' type.
client/src/pages/admin/SettingsPage.tsx(1444,70): error TS7006: Parameter 'user' implicitly has an 'any' type.
client/src/pages/admin/SettingsPage.tsx(1729,43): error TS2304: Cannot find name 'setUsers'.
client/src/pages/admin/SettingsPage.tsx(1729,62): error TS7006: Parameter 'u' implicitly has an 'any' type.
client/src/pages/admin/SettingsPage.tsx(1781,43): error TS2304: Cannot find name 'setUsers'.
client/src/pages/admin/SettingsPage.tsx(1781,65): error TS7006: Parameter 'u' implicitly has an 'any' type.
client/src/pages/admin/UserPermissionsPage.tsx(364,70): error TS2345: Argument of type 'string' is not assignable to parameter of type 'never'.
client/src/pages/admin/UserPermissionsPage.tsx(803,6): error TS2304: Cannot find name 'ErrorBoundary'.
client/src/pages/admin/UserPermissionsPage.tsx(804,20): error TS7031: Binding element 'error' implicitly has an 'any' type.
client/src/pages/admin/UserPermissionsPage.tsx(804,27): error TS7031: Binding element 'resetError' implicitly has an 'any' type.
client/src/pages/admin/UserPermissionsPage.tsx(822,20): error TS2304: Cannot find name 'RefreshCw'.
client/src/pages/admin/UserPermissionsPage.tsx(835,7): error TS2304: Cannot find name 'ErrorBoundary'.
client/src/pages/customer/OrdersPage.tsx(194,32): error TS2322: Type '"default" | "destructive" | "outline" | "secondary" | "warning"' is not assignable to type '"default" | "destructive" | "outline" | "secondary" | null | undefined'.
  Type '"warning"' is not assignable to type '"default" | "destructive" | "outline" | "secondary" | null | undefined'.
client/src/pages/orders/OrderManagePage.tsx(626,81): error TS2551: Property 'size' does not exist on type 'OrderItem'. Did you mean 'sizes'?
client/src/pages/orders/OrderManagePage.tsx(628,92): error TS2339: Property 'quantity' does not exist on type 'OrderItem'.
server/db.ts(67,9): error TS2322: Type 'string' is not assignable to type 'undefined'.
server/design.ts(17,58): error TS2345: Argument of type 'number' is not assignable to parameter of type 'string'.
server/design.ts(43,44): error TS2345: Argument of type 'number' is not assignable to parameter of type 'string'.
server/design.ts(50,5): error TS2322: Type 'number' is not assignable to type 'string'.
server/design.ts(54,5): error TS2322: Type 'number' is not assignable to type 'string'.
server/design.ts(58,54): error TS2345: Argument of type 'number' is not assignable to parameter of type 'string'.
server/design.ts(85,44): error TS2345: Argument of type 'number' is not assignable to parameter of type 'string'.
server/design.ts(91,54): error TS2345: Argument of type 'number' is not assignable to parameter of type 'string'.
server/design.ts(122,28): error TS2345: Argument of type 'string' is not assignable to parameter of type 'number'.
server/design.ts(140,28): error TS2345: Argument of type 'string | null' is not assignable to parameter of type 'number'.
  Type 'null' is not assignable to type 'number'.
server/design.ts(151,40): error TS2345: Argument of type 'string | null' is not assignabl
server/routes.ts(504,59): error TS18047: 'createdProfile' is possibly 'null'.
server/routes.ts(550,9): error TS2322: Type 'unknown' is not assignable to type 'string'.
server/routes.ts(1001,57): error TS2345: Argument of type 'unknown' is not assignable to parameter of type '{}'.
server/routes.ts(1050,34): error TS2339: Property 'map' does not exist on type 'SelectQueryError<"could not find the relation between orders and order_items">'.

server/routes.ts(1114,33): error TS2769: No overload matches this call.
  Overload 1 of 4, '(value: string | number | Date): Date', gave the following error.
    Argument of type 'unknown' is not assignable to parameter of type 'string | number | Date'.
  Overload 2 of 4, '(value: string | number): Date', gave the following error.
    Argument of type 'unknown' is not assignable to parameter of type 'string | number'.

server/routes.ts(1743,46): error TS18046: 'customer.email' is of type 'unknown'.
server/routes.ts(1785,48): error TS18048: 'authUser.email' is possibly 'undefined'.
server/routes.ts(1854,9): error TS2322: Type 'unknown' is not assignable to type 'string | undefined'.
server/routes/admin/admin.ts(43,39): error TS2551: Property 'getAllPayments' does not exist on type 'SupabaseStorage'. Did you mean 'getPayment'?
server/routes/admin/admin.ts(45,15): error TS7006: Parameter 'payment' implicitly has an 'any' type.

server/routes/admin/admin.ts(46,16): error TS7006: Parameter 'sum' implicitly has an 'any' type.
server/routes/admin/admin.ts(46,21): error TS7006: Parameter 'payment' implicitly has an 'any' type.

server/routes/admin/admin.ts(82,61): error TS2345: Argument of type 'string | null' is not assignable to parameter of type 'string'.
  Type 'null' is not assignable to type 'string'.

server/routes/admin/admin.ts(115,16): error TS2769: No overload matches this call.
  Overload 1 of 4, '(value: string | number | Date): Date', gave the following error.
    Argument of type 'Date | null' is not assignable to parameter of type 'string | number | Date'.
      Type 'null' is not assignable to type 'string | number | Date'.
  Overload 2 of 4, '(value: string | number): Date', gave the following error.
    Argument of type 'Date | null' is not assignable to parameter of type 'string | number'.
      Type 'null' is not assignable to type 'string | number'.

server/routes/admin/admin.ts(115,50): error TS2769: No overload matches this call.
  Overload 1 of 4, '(value: string | number | Date): Date', gave the following error.
    Argument of type 'Date | null' is not assignable to parameter of type 'string | number | Date'.
      Type 'null' is not assignable to type 'string | number | Date'.
  Overload 2 of 4, '(value: string | number): Date', gave the following error.
    Argument of type 'Date | null' is not assignable to parameter of type 'string | number'.
      Type 'null' is not assignable to type 'string | number'.

server/routes/api/dataAccessRoutes.ts(328,44): error TS7053: Element implicitly has an 'any' type because expression of type 'any' can't be used to index type '{}'.
server/routes/api/dataAccessRoutes.ts(329,27): error TS7053: Element implicitly has an 'any' type because expression of type 'any' can't be used to index type '{}'.
server/routes/api/imageRoutes.ts(265,32): error TS2339: Property 'split' does not exist on type '{}'.
server/routes/api/imageRoutes.ts(342,32): error TS2339: Property 'split' does not exist on type '{}'.
server/routes/api/invitationRoutes.ts(22,62): error TS2551: Property 'getUserByEmail' does not exist on type 'GoTrueAdminApi'. Did you mean 'getUserById'?

server/routes/api/invitationRoutes.ts(150,31): error TS2769: No overload matches this call.
  Overload 1 of 4, '(value: string | number | Date): Date', gave the following error.
    Argument of type 'unknown' is not assignable to parameter of type 'string | number | Date'.
  Overload 2 of 4, '(value: string | number): Date', gave the following error.
    Argument of type 'unknown' is not assignable to parameter of type 'string | number'.

server/routes/api/productLibrary.ts(60,30): error TS2339: Property 'map' does not exist on type 'SelectQueryError<"could not find the relation between product_library and product_pricing_history">'.

server/routes/api/productLibrary.ts(60,34): error TS7006: Parameter 'p' implicitly has an 'any' type.

server/routes/api/productLibrary.ts(67,57): error TS7006: Parameter 'a' implicitly has an 'any' type.

server/routes/api/productLibrary.ts(67,60): error TS7006: Parameter 'b' implicitly has an 'any' type.

server/routes/api/productLibrary.ts(215,30): error TS2365: Operator '+' cannot be applied to types '{}' and 'number'.

server/routes/api/productLibrary.ts(225,30): error TS2345: Argument of type 'unknown' is not assignable to parameter of type 'string'.
server/routes/api/productLibrary.ts(226,31): error TS2345: Argument of type 'unknown' is not assignable to parameter of type 'string'.

server/routes/auth/auth.ts(171,7): error TS2322: Type 'Date' is not assignable to type 'string'.

server/routes/auth/auth.ts(283,5): error TS2322: Type 'Date' is not assignable to type 'string'.

server/supabase-auth.ts(115,7): error TS2717: Subsequent property declarations must have the same type.  Property 'user' must be of type 'any', but here has type 'SupabaseUser | undefined'.

server/vite.ts(34,5): error TS2322: Type '{ middlewareMode: boolean; hmr: { server: Server<typeof IncomingMessage, typeof ServerResponse>; }; allowedHosts: boolean; }' is not assignable to type 'ServerOptions'.
  Types of property 'allowedHosts' are incompatible.
    Type 'boolean' is not assignable to type 'true | string[] | undefined'.
